# JRE version: OpenJDK Runtime Environment (17.0.6) (build 17.0.6+0-b2043.56-10027231)
# Java VM: OpenJDK 64-Bit Server VM (17.0.6+0-b2043.56-10027231, mixed mode, tiered, compressed oops, compressed class ptrs, g1 gc, windows-amd64)
GC Precious Log:
 CPUs: 12 total, 12 available
 Memory: 16296M
 Large Page Support: Disabled
 NUMA Support: Disabled
 Compressed Oops: Enabled (32-bit)
 Heap Region Size: 1M
 Heap Min Capacity: 8M
 Heap Initial Capacity: 256M
 Heap Max Capacity: 2G
 Pre-touch: Disabled
 Parallel Workers: 10
 Concurrent Workers: 3
 Concurrent Refinement Workers: 10
 Periodic GC: Disabled
Heap:
 garbage-first heap   total 135168K, used 84120K [0x0000000080000000, 0x0000000100000000)
  region size 1024K, 3 young (3072K), 3 survivors (3072K)
 Metaspace       used 89913K, committed 90560K, reserved 1130496K
  class space    used 12361K, committed 12672K, reserved 1048576K
GC Heap History (20 events):
Event: 9.582 GC heap after
{Heap after GC invocations=23 (full 0):
 garbage-first heap   total 112640K, used 61657K [0x0000000080000000, 0x0000000100000000)
  region size 1024K, 3 young (3072K), 3 survivors (3072K)
 Metaspace       used 72728K, committed 73280K, reserved 1114112K
  class space    used 9596K, committed 9856K, reserved 1048576K
}
Event: 9.728 GC heap before
{Heap before GC invocations=23 (full 0):
 garbage-first heap   total 112640K, used 74969K [0x0000000080000000, 0x0000000100000000)
  region size 1024K, 17 young (17408K), 3 survivors (3072K)
 Metaspace       used 74216K, committed 74752K, reserved 1114112K
  class space    used 9808K, committed 10048K, reserved 1048576K
}
Event: 9.730 GC heap after
{Heap after GC invocations=24 (full 0):
 garbage-first heap   total 112640K, used 62722K [0x0000000080000000, 0x0000000100000000)
  region size 1024K, 2 young (2048K), 2 survivors (2048K)
 Metaspace       used 74216K, committed 74752K, reserved 1114112K
  class space    used 9808K, committed 10048K, reserved 1048576K
}
Event: 10.072 GC heap before
{Heap before GC invocations=25 (full 0):
 garbage-first heap   total 112640K, used 92418K [0x0000000080000000, 0x0000000100000000)
  region size 1024K, 30 young (30720K), 2 survivors (2048K)
 Metaspace       used 77836K, committed 78400K, reserved 1122304K
  class space    used 10494K, committed 10752K, reserved 1048576K
}
Event: 10.074 GC heap after
{Heap after GC invocations=26 (full 0):
 garbage-first heap   total 135168K, used 63755K [0x0000000080000000, 0x0000000100000000)
  region size 1024K, 3 young (3072K), 3 survivors (3072K)
 Metaspace       used 77836K, committed 78400K, reserved 1122304K
  class space    used 10494K, committed 10752K, reserved 1048576K
}
Event: 10.108 GC heap before
{Heap before GC invocations=26 (full 0):
 garbage-first heap   total 135168K, used 66827K [0x0000000080000000, 0x0000000100000000)
  region size 1024K, 6 young (6144K), 3 survivors (3072K)
 Metaspace       used 78152K, committed 78656K, reserved 1122304K
  class space    used 10532K, committed 10752K, reserved 1048576K
}
Event: 10.110 GC heap after
{Heap after GC invocations=27 (full 0):
 garbage-first heap   total 135168K, used 63458K [0x0000000080000000, 0x0000000100000000)
  region size 1024K, 1 young (1024K), 1 survivors (1024K)
 Metaspace       used 78152K, committed 78656K, reserved 1122304K
  class space    used 10532K, committed 10752K, reserved 1048576K
}
Event: 10.594 GC heap before
{Heap before GC invocations=27 (full 0):
 garbage-first heap   total 135168K, used 107490K [0x0000000080000000, 0x0000000100000000)
  region size 1024K, 44 young (45056K), 1 survivors (1024K)
 Metaspace       used 82392K, committed 82944K, reserved 1122304K
  class space    used 11149K, committed 11392K, reserved 1048576K
}
Event: 10.596 GC heap after
{Heap after GC invocations=28 (full 0):
 garbage-first heap   total 135168K, used 66477K [0x0000000080000000, 0x0000000100000000)
  region size 1024K, 4 young (4096K), 4 survivors (4096K)
 Metaspace       used 82392K, committed 82944K, reserved 1122304K
  class space    used 11149K, committed 11392K, reserved 1048576K
}
Event: 11.020 GC heap before
{Heap before GC invocations=29 (full 0):
 garbage-first heap   total 135168K, used 108461K [0x0000000080000000, 0x0000000100000000)
  region size 1024K, 45 young (46080K), 4 survivors (4096K)
 Metaspace       used 86985K, committed 87552K, reserved 1130496K
  class space    used 11812K, committed 12096K, reserved 1048576K
}
Event: 11.024 GC heap after
{Heap after GC invocations=30 (full 0):
 garbage-first heap   total 135168K, used 70194K [0x0000000080000000, 0x0000000100000000)
  region size 1024K, 4 young (4096K), 4 survivors (4096K)
 Metaspace       used 86985K, committed 87552K, reserved 1130496K
  class space    used 11812K, committed 12096K, reserved 1048576K
}
Event: 11.044 GC heap before
{Heap before GC invocations=30 (full 0):
 garbage-first heap   total 135168K, used 72242K [0x0000000080000000, 0x0000000100000000)
  region size 1024K, 6 young (6144K), 4 survivors (4096K)
 Metaspace       used 87175K, committed 87744K, reserved 1130496K
  class space    used 11832K, committed 12096K, reserved 1048576K
}
Event: 11.046 GC heap after
{Heap after GC invocations=31 (full 0):
 garbage-first heap   total 135168K, used 70299K [0x0000000080000000, 0x0000000100000000)
  region size 1024K, 1 young (1024K), 1 survivors (1024K)
 Metaspace       used 87175K, committed 87744K, reserved 1130496K
  class space    used 11832K, committed 12096K, reserved 1048576K
}
Event: 11.239 GC heap before
{Heap before GC invocations=31 (full 0):
 garbage-first heap   total 135168K, used 110235K [0x0000000080000000, 0x0000000100000000)
  region size 1024K, 40 young (40960K), 1 survivors (1024K)
 Metaspace       used 87438K, committed 88000K, reserved 1130496K
  class space    used 11868K, committed 12096K, reserved 1048576K
}
Event: 11.243 GC heap after
{Heap after GC invocations=32 (full 0):
 garbage-first heap   total 135168K, used 76636K [0x0000000080000000, 0x0000000100000000)
  region size 1024K, 5 young (5120K), 5 survivors (5120K)
 Metaspace       used 87438K, committed 88000K, reserved 1130496K
  class space    used 11868K, committed 12096K, reserved 1048576K
}
Event: 11.898 GC heap before
{Heap before GC invocations=33 (full 0):
 garbage-first heap   total 135168K, used 108380K [0x0000000080000000, 0x0000000100000000)
  region size 1024K, 37 young (37888K), 5 survivors (5120K)
 Metaspace       used 89775K, committed 90432K, reserved 1130496K
  class space    used 12358K, committed 12672K, reserved 1048576K
}
Event: 11.903 GC heap after
{Heap after GC invocations=34 (full 0):
 garbage-first heap   total 135168K, used 81588K [0x0000000080000000, 0x0000000100000000)
  region size 1024K, 5 young (5120K), 5 survivors (5120K)
 Metaspace       used 89775K, committed 90432K, reserved 1130496K
  class space    used 12358K, committed 12672K, reserved 1048576K
}
Event: 11.906 GC heap before
{Heap before GC invocations=34 (full 0):
 garbage-first heap   total 135168K, used 81588K [0x0000000080000000, 0x0000000100000000)
  region size 1024K, 6 young (6144K), 5 survivors (5120K)
 Metaspace       used 89780K, committed 90496K, reserved 1130496K
  class space    used 12359K, committed 12672K, reserved 1048576K
}
Event: 11.909 GC heap after
{Heap after GC invocations=35 (full 0):
 garbage-first heap   total 135168K, used 81992K [0x0000000080000000, 0x0000000100000000)
  region size 1024K, 1 young (1024K), 1 survivors (1024K)
 Metaspace       used 89780K, committed 90496K, reserved 1130496K
  class space    used 12359K, committed 12672K, reserved 1048576K
}
Event: 12.012 GC heap before
{Heap before GC invocations=35 (full 0):
 garbage-first heap   total 135168K, used 108616K [0x0000000080000000, 0x0000000100000000)
  region size 1024K, 28 young (28672K), 1 survivors (1024K)
 Metaspace       used 89913K, committed 90560K, reserved 1130496K
  class space    used 12361K, committed 12672K, reserved 1048576K
}

